04/06/2023 13:03:08 INICIANDO...
04/06/2023 13:03:08 2.9.0.1
04/06/2023 13:03:08 Usuário: jose.adriano(Administrador)
04/06/2023 13:03:08 Versão do Sistema Operacional: 6.2.9200
04/06/2023 13:03:08 64 Bits: true
04/06/2023 13:03:08   ( 0.7 )
04/06/2023 13:03:08 UAC: Ativado
04/06/2023 13:03:08 Verificando se Mozilla Firefox está instalado...
04/06/2023 13:03:08 Mozilla Firefox não instalado.
04/06/2023 13:03:08 [1: Ajustando ambiente] Verificando...
04/06/2023 13:03:08 [1: Ajustando ambiente] Corrigindo TLS.
04/06/2023 13:03:09 [1: Ajustando ambiente] Ok.
04/06/2023 13:03:09 [2: Ajustes iniciais] Verificando...
04/06/2023 13:03:09 [2: Ajustes iniciais] Ok.
04/06/2023 13:03:09 [3: Instalação dos certificados raíz] Verificando...
04/06/2023 13:03:09 [3: Instalação dos certificados raíz] Efetuando download do instalador...
04/06/2023 13:03:10 [3: Instalação dos certificados raíz] Instalando...
04/06/2023 13:03:10 [3: Instalação dos certificados raíz] Ok.
04/06/2023 13:03:10 [5: Ajustes adicionais] Verificando...
04/06/2023 13:03:10 [5: Ajustes adicionais] Limpando...
04/06/2023 13:03:10 [5: Ajustes adicionais] Ok.
04/06/2023 13:03:10 [7: Instalando módulo de segurança] Verificando...
04/06/2023 13:03:10 [7: Instalando módulo de segurança] Efetuando download do instalador...
04/06/2023 13:03:14 [7: Instalando módulo de segurança] Instalando...
04/06/2023 13:03:29 [7: Instalando módulo de segurança] Ok.
04/06/2023 13:03:29 [9: Finalizando a instalação] Verificando...
04/06/2023 13:03:29 [9: Finalizando a instalação] Ok.
04/06/2023 13:03:29 [10: Validando a instalação] Verificando...
04/06/2023 13:03:46 [10: Validando a instalação] Instalando...
04/06/2023 13:03:49 [10: Validando a instalação] Ok.
04/06/2023 13:03:49 [12: Ajustando ambiente] Verificando...
04/06/2023 13:03:49 [12: Ajustando ambiente] Ok.
04/06/2023 13:03:49 [13: Ajustando ambiente] Verificando...
04/06/2023 13:03:50 [13: Ajustando ambiente] Ok.
04/06/2023 13:03:50 [14: Concluindo ajustes] Verificando...
04/06/2023 13:04:00 [14: Concluindo ajustes] CONCLUÍDO.
04/06/2023 13:04:00 CONCLUÍDO.
